Copyright 1986-2016 Xilinx, Inc. All Rights Reserved.
-------------------------------------------------------------------------------------------------------------------------------
| Tool Version     : Vivado v.2016.4 (win64) Build 1733598 Wed Dec 14 22:35:39 MST 2016
| Date             : Fri Dec 30 18:29:13 2016
| Host             : LAPTOP-E82C7PBC running 64-bit major release  (build 9200)
| Command          : report_power -file top_power_routed.rpt -pb top_power_summary_routed.pb -rpx top_power_routed.rpx
| Design           : Top
| Device           : xc7a35tcpg236-1
| Design State     : routed
| Grade            : commercial
| Process          : typical
| Characterization : Production
-------------------------------------------------------------------------------------------------------------------------------

Power Report

Table of Contents
-----------------
1. Summary
1.1 On-Chip Components
1.2 Power Supply Summary
1.3 Confidence Level
2. Settings
2.1 Environment
2.2 Clock Constraints
3. Detailed Reports
3.1 By Hierarchy

1. Summary
----------

+--------------------------+-------+
| Total On-Chip Power (W)  | 0.210 |
| Dynamic (W)              | 0.137 |
| Device Static (W)        | 0.072 |
| Effective TJA (C/W)      | 5.0   |
| Max Ambient (C)          | 84.0  |
| Junction Temperature (C) | 26.0  |
| Confidence Level         | Low   |
| Setting File             | ---   |
| Simulation Activity File | ---   |
| Design Nets Matched      | NA    |
+--------------------------+-------+


1.1 On-Chip Components
----------------------

+----------------+-----------+----------+-----------+-----------------+
| On-Chip        | Power (W) | Used     | Available | Utilization (%) |
+----------------+-----------+----------+-----------+-----------------+
| Clocks         |     0.002 |        7 |       --- |             --- |
| Slice Logic    |     0.007 |     2706 |       --- |             --- |
|   LUT as Logic |     0.006 |     1733 |     20800 |            8.33 |
|   CARRY4       |    <0.001 |      291 |      8150 |            3.57 |
|   F7/F8 Muxes  |    <0.001 |       54 |     32600 |            0.17 |
|   Register     |    <0.001 |      250 |     41600 |            0.60 |
|   BUFG         |    <0.001 |        1 |        32 |            3.13 |
|   Others       |     0.000 |       28 |       --- |             --- |
| Signals        |     0.007 |     2253 |       --- |             --- |
| Block RAM      |     0.016 |      4.5 |        50 |            9.00 |
| MMCM           |     0.105 |        1 |         5 |           20.00 |
| I/O            |    <0.001 |       34 |       106 |           32.08 |
| Static Power   |     0.072 |          |           |                 |
| Total          |     0.210 |          |           |                 |
+----------------+-----------+----------+-----------+-----------------+


1.2 Power Supply Summary
------------------------

+-----------+-------------+-----------+-------------+------------+
| Source    | Voltage (V) | Total (A) | Dynamic (A) | Static (A) |
+-----------+-------------+-----------+-------------+------------+
| Vccint    |       1.000 |     0.041 |       0.031 |      0.010 |
| Vccaux    |       1.800 |     0.071 |       0.058 |      0.013 |
| Vcco33    |       3.300 |     0.001 |       0.000 |      0.001 |
| Vcco25    |       2.500 |     0.000 |       0.000 |      0.000 |
| Vcco18    |       1.800 |     0.000 |       0.000 |      0.000 |
| Vcco15    |       1.500 |     0.000 |       0.000 |      0.000 |
| Vcco135   |       1.350 |     0.000 |       0.000 |      0.000 |
| Vcco12    |       1.200 |     0.000 |       0.000 |      0.000 |
| Vccaux_io |       1.800 |     0.000 |       0.000 |      0.000 |
| Vccbram   |       1.000 |     0.002 |       0.001 |      0.000 |
| MGTAVcc   |       1.000 |     0.000 |       0.000 |      0.000 |
| MGTAVtt   |       1.200 |     0.000 |       0.000 |      0.000 |
| Vccadc    |       1.800 |     0.020 |       0.000 |      0.020 |
+-----------+-------------+-----------+-------------+------------+


1.3 Confidence Level
--------------------

+-----------------------------+------------+-------------------------------------------------------+--------------------------------------------------------------------------------------------------------------------+
| User Input Data             | Confidence | Details                                               | Action                                                                                                             |
+-----------------------------+------------+-------------------------------------------------------+--------------------------------------------------------------------------------------------------------------------+
| Design implementation state | High       | Design is routed                                      |                                                                                                                    |
| Clock nodes activity        | Low        | User specified less than 75% of clocks                | Provide missing clock activity with a constraint file, simulation results or by editing the "By Clock Domain" view |
| I/O nodes activity          | Medium     | More than 5% of inputs are missing user specification | Provide missing input activity with simulation results or by editing the "By Resource Type -> I/Os" view           |
| Internal nodes activity     | Medium     | User specified less than 25% of internal nodes        | Provide missing internal nodes activity with simulation results or by editing the "By Resource Type" views         |
| Device models               | High       | Device models are Production                          |                                                                                                                    |
|                             |            |                                                       |                                                                                                                    |
| Overall confidence level    | Low        |                                                       |                                                                                                                    |
+-----------------------------+------------+-------------------------------------------------------+--------------------------------------------------------------------------------------------------------------------+


2. Settings
-----------

2.1 Environment
---------------

+-----------------------+--------------------------+
| Ambient Temp (C)      | 25.0                     |
| ThetaJA (C/W)         | 5.0                      |
| Airflow (LFM)         | 250                      |
| Heat Sink             | medium (Medium Profile)  |
| ThetaSA (C/W)         | 4.6                      |
| Board Selection       | medium (10"x10")         |
| # of Board Layers     | 12to15 (12 to 15 Layers) |
| Board Temperature (C) | 25.0                     |
+-----------------------+--------------------------+


2.2 Clock Constraints
---------------------

+--------------------+--------------------------------+-----------------+
| Clock              | Domain                         | Constraint (ns) |
+--------------------+--------------------------------+-----------------+
| MHz25_clk_wiz_0    | clocks/inst/MHz25_clk_wiz_0    |            40.0 |
| MHz6_clk_wiz_0     | clocks/inst/MHz6_clk_wiz_0     |           166.7 |
| clkfbout_clk_wiz_0 | clocks/inst/clkfbout_clk_wiz_0 |            10.0 |
| sys_clk_pin        | clk                            |            10.0 |
| sys_clk_pin        | clk_IBUF_BUFG                  |            10.0 |
+--------------------+--------------------------------+-----------------+


3. Detailed Reports
-------------------

3.1 By Hierarchy
----------------

+----------------------------------------------+-----------+
| Name                                         | Power (W) |
+----------------------------------------------+-----------+
| Top                                          |     0.137 |
|   LEDS                                       |    <0.001 |
|   Vga_controller                             |    <0.001 |
|   Vga_tekenaar                               |     0.009 |
|   alien_sprite_Memory                        |     0.008 |
|     U0                                       |     0.008 |
|       inst_blk_mem_gen                       |     0.008 |
|         gnbram.gnativebmg.native_blk_mem_gen |     0.008 |
|           valid.cstr                         |     0.008 |
|             ramloop[0].ram.r                 |     0.004 |
|               prim_init.ram                  |     0.004 |
|             ramloop[1].ram.r                 |     0.004 |
|               prim_init.ram                  |     0.004 |
|   bullet_sprite_Memory                       |     0.002 |
|     U0                                       |     0.002 |
|       inst_blk_mem_gen                       |     0.002 |
|         gnbram.gnativebmg.native_blk_mem_gen |     0.002 |
|           valid.cstr                         |     0.002 |
|             ramloop[0].ram.r                 |     0.002 |
|               prim_init.ram                  |     0.002 |
|   clocks                                     |     0.105 |
|     inst                                     |     0.105 |
|   debC                                       |    <0.001 |
|   debL                                       |     0.001 |
|   debR                                       |    <0.001 |
|   tank_sprite_Memory                         |     0.007 |
|     U0                                       |     0.007 |
|       inst_blk_mem_gen                       |     0.007 |
|         gnbram.gnativebmg.native_blk_mem_gen |     0.007 |
|           valid.cstr                         |     0.007 |
|             ramloop[0].ram.r                 |     0.004 |
|               prim_init.ram                  |     0.004 |
|             ramloop[1].ram.r                 |     0.004 |
|               prim_init.ram                  |     0.004 |
|   ticks                                      |    <0.001 |
+----------------------------------------------+-----------+


