
*** Running vivado
    with args -log blk_mem_gen_1.vds -m64 -product Vivado -mode batch -messageDb vivado.pb -notrace -source blk_mem_gen_1.tcl


****** Vivado v2016.4 (64-bit)
  **** SW Build 1733598 on Wed Dec 14 22:35:39 MST 2016
  **** IP Build 1731160 on Wed Dec 14 23:47:21 MST 2016
    ** Copyright 1986-2016 Xilinx, Inc. All Rights Reserved.

source blk_mem_gen_1.tcl -notrace
Starting RTL Elaboration : Time (s): cpu = 00:00:08 ; elapsed = 00:00:23 . Memory (MB): peak = 293.887 ; gain = 84.387
INFO: [Synth 8-638] synthesizing module 'blk_mem_gen_1' [c:/Users/larsl/Documents/E-ICT/digitale2/space_invaders_V4/space_invaders_V4.srcs/sources_1/ip/blk_mem_gen_1/synth/blk_mem_gen_1.vhd:67]
INFO: [Synth 8-256] done synthesizing module 'blk_mem_gen_1' (9#1) [c:/Users/larsl/Documents/E-ICT/digitale2/space_invaders_V4/space_invaders_V4.srcs/sources_1/ip/blk_mem_gen_1/synth/blk_mem_gen_1.vhd:67]
Finished RTL Elaboration : Time (s): cpu = 00:01:01 ; elapsed = 00:01:24 . Memory (MB): peak = 492.027 ; gain = 282.527
Finished RTL Optimization Phase 1 : Time (s): cpu = 00:01:01 ; elapsed = 00:01:24 . Memory (MB): peak = 492.027 ; gain = 282.527
INFO: [Device 21-403] Loading part xc7a35tcpg236-1
Constraint Validation Runtime : Time (s): cpu = 00:00:00 ; elapsed = 00:00:00.183 . Memory (MB): peak = 555.992 ; gain = 0.000
Finished Constraint Validation : Time (s): cpu = 00:01:10 ; elapsed = 00:01:37 . Memory (MB): peak = 555.992 ; gain = 346.492
Finished Loading Part and Timing Information : Time (s): cpu = 00:01:10 ; elapsed = 00:01:37 . Memory (MB): peak = 555.992 ; gain = 346.492
Finished applying 'set_property' XDC Constraints : Time (s): cpu = 00:01:10 ; elapsed = 00:01:37 . Memory (MB): peak = 555.992 ; gain = 346.492
Finished RTL Optimization Phase 2 : Time (s): cpu = 00:01:11 ; elapsed = 00:01:37 . Memory (MB): peak = 555.992 ; gain = 346.492
Finished Cross Boundary and Area Optimization : Time (s): cpu = 00:01:11 ; elapsed = 00:01:38 . Memory (MB): peak = 555.992 ; gain = 346.492
Finished Applying XDC Timing Constraints : Time (s): cpu = 00:01:22 ; elapsed = 00:01:51 . Memory (MB): peak = 573.070 ; gain = 363.570
Finished Timing Optimization : Time (s): cpu = 00:01:22 ; elapsed = 00:01:51 . Memory (MB): peak = 573.992 ; gain = 364.492
Finished Technology Mapping : Time (s): cpu = 00:01:22 ; elapsed = 00:01:51 . Memory (MB): peak = 583.711 ; gain = 374.211
Finished IO Insertion : Time (s): cpu = 00:01:23 ; elapsed = 00:01:51 . Memory (MB): peak = 583.711 ; gain = 374.211
Finished Renaming Generated Instances : Time (s): cpu = 00:01:23 ; elapsed = 00:01:51 . Memory (MB): peak = 583.711 ; gain = 374.211
Finished Rebuilding User Hierarchy : Time (s): cpu = 00:01:23 ; elapsed = 00:01:51 . Memory (MB): peak = 583.711 ; gain = 374.211
Finished Renaming Generated Ports : Time (s): cpu = 00:01:23 ; elapsed = 00:01:51 . Memory (MB): peak = 583.711 ; gain = 374.211
Finished Handling Custom Attributes : Time (s): cpu = 00:01:23 ; elapsed = 00:01:51 . Memory (MB): peak = 583.711 ; gain = 374.211
Finished Renaming Generated Nets : Time (s): cpu = 00:01:23 ; elapsed = 00:01:51 . Memory (MB): peak = 583.711 ; gain = 374.211

Report Cell Usage: 
+------+-----------+------+
|      |Cell       |Count |
+------+-----------+------+
|1     |RAMB36E1   |     1|
|2     |RAMB36E1_1 |     1|
+------+-----------+------+
Finished Writing Synthesis Report : Time (s): cpu = 00:01:23 ; elapsed = 00:01:51 . Memory (MB): peak = 583.711 ; gain = 374.211
synth_design: Time (s): cpu = 00:01:21 ; elapsed = 00:01:37 . Memory (MB): peak = 610.949 ; gain = 395.340
