
*** Running vivado
    with args -log blk_mem_gen_0.vds -m64 -product Vivado -mode batch -messageDb vivado.pb -notrace -source blk_mem_gen_0.tcl


****** Vivado v2016.4 (64-bit)
  **** SW Build 1733598 on Wed Dec 14 22:35:39 MST 2016
  **** IP Build 1731160 on Wed Dec 14 23:47:21 MST 2016
    ** Copyright 1986-2016 Xilinx, Inc. All Rights Reserved.

source blk_mem_gen_0.tcl -notrace
Starting RTL Elaboration : Time (s): cpu = 00:00:08 ; elapsed = 00:00:22 . Memory (MB): peak = 292.313 ; gain = 82.070
INFO: [Synth 8-638] synthesizing module 'blk_mem_gen_0' [c:/Users/larsl/Documents/E-ICT/digitale2/space_invaders_V4/space_invaders_V4.srcs/sources_1/ip/blk_mem_gen_0/synth/blk_mem_gen_0.vhd:67]
INFO: [Synth 8-256] done synthesizing module 'blk_mem_gen_0' (9#1) [c:/Users/larsl/Documents/E-ICT/digitale2/space_invaders_V4/space_invaders_V4.srcs/sources_1/ip/blk_mem_gen_0/synth/blk_mem_gen_0.vhd:67]
Finished RTL Elaboration : Time (s): cpu = 00:00:59 ; elapsed = 00:01:22 . Memory (MB): peak = 491.160 ; gain = 280.918
Finished RTL Optimization Phase 1 : Time (s): cpu = 00:00:59 ; elapsed = 00:01:22 . Memory (MB): peak = 491.160 ; gain = 280.918
INFO: [Device 21-403] Loading part xc7a35tcpg236-1
Constraint Validation Runtime : Time (s): cpu = 00:00:00 ; elapsed = 00:00:00.203 . Memory (MB): peak = 544.680 ; gain = 0.000
Finished Constraint Validation : Time (s): cpu = 00:01:09 ; elapsed = 00:01:36 . Memory (MB): peak = 544.680 ; gain = 334.438
Finished Loading Part and Timing Information : Time (s): cpu = 00:01:09 ; elapsed = 00:01:36 . Memory (MB): peak = 544.680 ; gain = 334.438
Finished applying 'set_property' XDC Constraints : Time (s): cpu = 00:01:09 ; elapsed = 00:01:36 . Memory (MB): peak = 544.680 ; gain = 334.438
Finished RTL Optimization Phase 2 : Time (s): cpu = 00:01:09 ; elapsed = 00:01:36 . Memory (MB): peak = 544.680 ; gain = 334.438
Finished Cross Boundary and Area Optimization : Time (s): cpu = 00:01:09 ; elapsed = 00:01:37 . Memory (MB): peak = 544.680 ; gain = 334.438
Finished Applying XDC Timing Constraints : Time (s): cpu = 00:01:20 ; elapsed = 00:01:49 . Memory (MB): peak = 567.035 ; gain = 356.793
Finished Timing Optimization : Time (s): cpu = 00:01:20 ; elapsed = 00:01:49 . Memory (MB): peak = 567.035 ; gain = 356.793
Finished Technology Mapping : Time (s): cpu = 00:01:20 ; elapsed = 00:01:49 . Memory (MB): peak = 576.672 ; gain = 366.430
Finished IO Insertion : Time (s): cpu = 00:01:20 ; elapsed = 00:01:50 . Memory (MB): peak = 576.672 ; gain = 366.430
Finished Renaming Generated Instances : Time (s): cpu = 00:01:20 ; elapsed = 00:01:50 . Memory (MB): peak = 576.672 ; gain = 366.430
Finished Rebuilding User Hierarchy : Time (s): cpu = 00:01:20 ; elapsed = 00:01:50 . Memory (MB): peak = 576.672 ; gain = 366.430
Finished Renaming Generated Ports : Time (s): cpu = 00:01:20 ; elapsed = 00:01:50 . Memory (MB): peak = 576.672 ; gain = 366.430
Finished Handling Custom Attributes : Time (s): cpu = 00:01:20 ; elapsed = 00:01:50 . Memory (MB): peak = 576.672 ; gain = 366.430
Finished Renaming Generated Nets : Time (s): cpu = 00:01:20 ; elapsed = 00:01:50 . Memory (MB): peak = 576.672 ; gain = 366.430

Report Cell Usage: 
+------+---------+------+
|      |Cell     |Count |
+------+---------+------+
|1     |RAMB18E1 |     1|
+------+---------+------+
Finished Writing Synthesis Report : Time (s): cpu = 00:01:20 ; elapsed = 00:01:50 . Memory (MB): peak = 576.672 ; gain = 366.430
synth_design: Time (s): cpu = 00:01:19 ; elapsed = 00:01:36 . Memory (MB): peak = 606.074 ; gain = 391.664
